<?xml version="1.0" encoding="UTF-8"?>
<testng-results ignored="0" total="1" passed="1" failed="0" skipped="0">
  <reporter-output>
  </reporter-output>
  <suite started-at="2025-11-07T16:12:40 IST" name="Default suite" finished-at="2025-11-07T16:12:44 IST" duration-ms="4471">
    <groups>
    </groups>
    <test started-at="2025-11-07T16:12:40 IST" name="Default test" finished-at="2025-11-07T16:12:44 IST" duration-ms="4471">
      <class name="dropDowns.DD_using_utils">
        <test-method signature="verifyCountryOptionInDropdown()[pri:0, instance:dropDowns.DD_using_utils@1e66f1f5]" started-at="2025-11-07T16:12:40 IST" name="verifyCountryOptionInDropdown" finished-at="2025-11-07T16:12:44 IST" duration-ms="4426" status="PASS">
          <reporter-output>
          </reporter-output>
        </test-method> <!-- verifyCountryOptionInDropdown -->
      </class> <!-- dropDowns.DD_using_utils -->
    </test> <!-- Default test -->
  </suite> <!-- Default suite -->
</testng-results>
